<?xml version="1.0" encoding="UTF-8"?>
<!-- Generated by org.testng.reporters.JUnitXMLReporter -->
<testsuite ignored="0" hostname="MSI" failures="0" tests="1" name="Banking Test" time="0.306" errors="0" timestamp="2021-12-05T15:14:09 IST">
  <testcase classname="com.OneIndiaBank.TestCases.BaseClass" name="@BeforeClass setup" time="0.089">
    <failure type="java.lang.IllegalStateException" message="The driver executable does not exist: C:\Users\Varun Ranjan\BrainyBuddies\onebank\.\Drivers\mseriverServer.exe">
      <![CDATA[java.lang.IllegalStateException: The driver executable does not exist: C:\Users\Varun Ranjan\BrainyBuddies\onebank\.\Drivers\mseriverServer.exe
at com.google.common.base.Preconditions.checkState(Preconditions.java:585)
at org.openqa.selenium.remote.service.DriverService.checkExecutable(DriverService.java:146)
at org.openqa.selenium.remote.service.DriverService.findExecutable(DriverService.java:141)
at org.openqa.selenium.edge.EdgeDriverService.access$000(EdgeDriverService.java:37)
at org.openqa.selenium.edge.EdgeDriverService$Builder.findDefaultExecutable(EdgeDriverService.java:90)
at org.openqa.selenium.remote.service.DriverService$Builder.build(DriverService.java:355)
at org.openqa.selenium.edge.EdgeDriverService.createDefaultService(EdgeDriverService.java:70)
at org.openqa.selenium.edge.EdgeDriver.<init>(EdgeDriver.java:96)
at com.OneIndiaBank.TestCases.BaseClass.setup(BaseClass.java:65)
at java.base/java.util.ArrayList.forEach(ArrayList.java:1511)
... Removed 25 stack frames]]>
    </failure>
  </testcase> <!-- @BeforeClass setup -->
  <testcase classname="com.OneIndiaBank.TestCases.BaseClass" name="@AfterClass teardown" time="-1.638697449717E9">
    <skipped/>
  </testcase> <!-- @AfterClass teardown -->
  <testcase classname="com.OneIndiaBank.TestCases.Login_into_Admin_panel" name="loginTestforAdmin" time="0.0">
    <skipped/>
  </testcase> <!-- loginTestforAdmin -->
</testsuite> <!-- Banking Test -->
